2021-04-11 21:07:14.2759|INFO|Upload starting 
2021-04-11 21:07:14.2759|INFO|Start loading file state from disk 
2021-04-11 21:07:14.2759|INFO|Upload state file does not exist 
2021-04-11 21:07:14.2759|INFO|Start initializing upload with Panopto 
2021-04-11 21:07:14.5722|INFO|Service returned different File ID, restarting the upload 
2021-04-11 21:07:14.5722|INFO|Service returned empty upload ID, restarting the upload 
2021-04-11 21:07:14.5722|INFO|Initializing upload with Panopto complete 
2021-04-11 21:07:14.5722|INFO|Upload file using chunk protocol 
2021-04-11 21:07:14.5722|INFO|Start initializing upload with content store 
2021-04-11 21:07:14.7472|INFO|Initializing upload with content store complete 
2021-04-11 21:07:14.7472|INFO|Reconcile chunks with file on disk 
2021-04-11 21:07:14.7472|INFO|Waiting for 112 seconds to process new chunks 
2021-04-11 21:09:06.7486|INFO|Reconcile chunks with file on disk 
2021-04-11 21:09:06.7486|INFO|Waiting for 112 seconds to process new chunks 
2021-04-11 21:10:58.7491|INFO|Reconcile chunks with file on disk 
2021-04-11 21:10:58.7491|INFO|Waiting for 112 seconds to process new chunks 
2021-04-11 21:12:50.7491|INFO|Reconcile chunks with file on disk 
2021-04-11 21:12:50.7491|INFO|Processing chunks needing meta data: 2 
2021-04-11 21:12:50.7491|INFO|Start requesting upload metadata from Panopto for chunks: 2 
2021-04-11 21:12:50.9530|INFO|Complete requesting upload metadata from Panopto for chunks: 2 
2021-04-11 21:12:50.9530|INFO|Start uploading chunks 2 
2021-04-11 21:12:50.9530|INFO|Start uploading chunk: 2 
2021-04-11 21:12:54.8918|INFO|Uploading chunk complete for index: 2 
2021-04-11 21:12:54.8918|INFO|Start serializing upload state to disk 
2021-04-11 21:12:54.9187|INFO|Serializing upload state to disk complete 
2021-04-11 21:12:54.9187|INFO|Uploading chunks 2 complete 
2021-04-11 21:12:54.9187|INFO|Waiting for 112 seconds to process new chunks 
2021-04-11 21:13:21.3259|INFO|Reconcile chunks with file on disk 
2021-04-11 21:13:21.3259|WARN|Upload worker terminating due to cancellation 
2021-04-11 21:13:21.3259|WARN|Worker completed with exception System.Threading.Tasks.TaskCanceledException: A task was canceled.
   at System.Runtime.CompilerServices.TaskAwaiter.ThrowForNonSuccess(Task task)
   at System.Runtime.CompilerServices.TaskAwaiter.HandleNonSuccessAndDebuggerNotification(Task task)
   at Panopto.Recorder.Upload.PanoptoFileUploader.<StopUpload>d__11.MoveNext()
2021-04-11 21:13:21.3259|INFO|Upload stopped 
2021-04-11 21:13:21.3259|INFO|Upload worker terminated 
2021-04-11 21:13:21.3259|INFO|Upload worker cleanup complete 
2021-04-11 21:13:21.3416|INFO|Upload starting 
2021-04-11 21:13:21.3416|INFO|Start loading file state from disk 
2021-04-11 21:13:21.4771|INFO|Loading file state from disk complete 
2021-04-11 21:13:21.4771|INFO|Start initializing upload with Panopto 
2021-04-11 21:13:21.6578|INFO|Initializing upload with Panopto complete 
2021-04-11 21:13:21.6578|INFO|Upload file using chunk protocol 
2021-04-11 21:13:21.6578|INFO|Reconcile chunks with file on disk 
2021-04-11 21:13:21.6578|INFO|Processing chunks needing meta data: 1, 3 
2021-04-11 21:13:21.6578|INFO|Start requesting upload metadata from Panopto for chunks: 1, 3 
2021-04-11 21:13:21.9095|INFO|Complete requesting upload metadata from Panopto for chunks: 1, 3 
2021-04-11 21:13:21.9095|INFO|Start uploading chunks 1, 3 
2021-04-11 21:13:21.9095|INFO|Start uploading chunk: 1 
2021-04-11 21:13:21.9095|INFO|Start uploading chunk: 3 
2021-04-11 21:13:26.0893|INFO|Uploading chunk complete for index: 3 
2021-04-11 21:13:26.0893|INFO|Start serializing upload state to disk 
2021-04-11 21:13:26.0893|INFO|Serializing upload state to disk complete 
2021-04-11 21:13:35.7321|INFO|Uploading chunk complete for index: 1 
2021-04-11 21:13:35.7321|INFO|Start serializing upload state to disk 
2021-04-11 21:13:35.7477|INFO|Serializing upload state to disk complete 
2021-04-11 21:13:35.7477|INFO|Uploading chunks 1, 3 complete 
2021-04-11 21:13:35.7477|INFO|Upload modified chunk for progressive uploads 
2021-04-11 21:13:35.7477|INFO|Reconcile chunks with file on disk 
2021-04-11 21:13:35.7477|INFO|Start finalizing upload with content store 
2021-04-11 21:13:35.9693|INFO|Finalizing upload with content store complete 
2021-04-11 21:13:35.9693|INFO|Start serializing upload state to disk 
2021-04-11 21:13:35.9852|INFO|Serializing upload state to disk complete 
2021-04-11 21:13:35.9852|INFO|Start finalizing upload with Panopto 
2021-04-11 21:13:36.2261|INFO|Finalizing upload with Panopto complete 
2021-04-11 21:13:36.2261|INFO|Start serializing upload state to disk 
2021-04-11 21:13:36.2340|INFO|Serializing upload state to disk complete 
2021-04-11 21:13:36.2340|INFO|Upload state removed from disk 
2021-04-11 21:13:36.2901|INFO|Upload complete 
2021-04-11 21:13:36.2901|INFO|Upload worker terminated 
2021-04-11 21:13:36.2901|INFO|Upload worker cleanup complete 
