2021-04-11 21:07:14.2759|INFO|Upload starting 
2021-04-11 21:07:14.2759|INFO|Start loading file state from disk 
2021-04-11 21:07:14.2759|INFO|Upload state file does not exist 
2021-04-11 21:07:14.2759|INFO|Start initializing upload with Panopto 
2021-04-11 21:07:14.5345|INFO|Service returned different File ID, restarting the upload 
2021-04-11 21:07:14.5345|INFO|Service returned empty upload ID, restarting the upload 
2021-04-11 21:07:14.5345|INFO|Initializing upload with Panopto complete 
2021-04-11 21:07:14.5345|INFO|Upload file using chunk protocol 
2021-04-11 21:07:14.5345|INFO|Start initializing upload with content store 
2021-04-11 21:07:14.7472|INFO|Initializing upload with content store complete 
2021-04-11 21:07:14.7472|INFO|Reconcile chunks with file on disk 
2021-04-11 21:07:14.7472|INFO|Waiting for 656 seconds to process new chunks 
2021-04-11 21:13:21.3259|INFO|Reconcile chunks with file on disk 
2021-04-11 21:13:21.3259|WARN|Upload worker terminating due to cancellation 
2021-04-11 21:13:21.3259|WARN|Worker completed with exception System.Threading.Tasks.TaskCanceledException: A task was canceled.
   at System.Runtime.CompilerServices.TaskAwaiter.ThrowForNonSuccess(Task task)
   at System.Runtime.CompilerServices.TaskAwaiter.HandleNonSuccessAndDebuggerNotification(Task task)
   at Panopto.Recorder.Upload.PanoptoFileUploader.<StopUpload>d__11.MoveNext()
2021-04-11 21:13:21.3259|INFO|Upload stopped 
2021-04-11 21:13:21.3259|INFO|Upload worker terminated 
2021-04-11 21:13:21.3259|INFO|Upload worker cleanup complete 
2021-04-11 21:13:21.3416|INFO|Upload starting 
2021-04-11 21:13:21.3416|INFO|Start loading file state from disk 
2021-04-11 21:13:21.3416|INFO|Upload state file does not exist 
2021-04-11 21:13:21.3416|INFO|Start initializing upload with Panopto 
2021-04-11 21:13:21.4927|INFO|Service returned different File ID, restarting the upload 
2021-04-11 21:13:21.4927|INFO|Initializing upload with Panopto complete 
2021-04-11 21:13:21.4927|INFO|Upload file using direct upload protocol 
2021-04-11 21:13:21.4927|INFO|Start uploading file to content store 
2021-04-11 21:13:32.5410|INFO|Uploading file to content store complete 
2021-04-11 21:13:32.5410|INFO|Start serializing upload state to disk 
2021-04-11 21:13:32.5650|INFO|Serializing upload state to disk complete 
2021-04-11 21:13:32.5650|INFO|Start finalizing upload with Panopto 
2021-04-11 21:13:32.8755|INFO|Finalizing upload with Panopto complete 
2021-04-11 21:13:32.8755|INFO|Start serializing upload state to disk 
2021-04-11 21:13:32.8993|INFO|Serializing upload state to disk complete 
2021-04-11 21:13:32.8993|INFO|Upload complete 
2021-04-11 21:13:32.8993|INFO|Upload worker terminated 
2021-04-11 21:13:32.8993|INFO|Upload worker cleanup complete 
2021-04-11 21:13:36.2340|INFO|Upload state removed from disk 
