2021-04-11 21:07:14.2759|INFO|Upload starting 
2021-04-11 21:07:14.2759|INFO|Start loading file state from disk 
2021-04-11 21:07:14.2759|INFO|Upload state file does not exist 
2021-04-11 21:07:14.2759|INFO|Start initializing upload with Panopto 
2021-04-11 21:07:14.6612|INFO|Service returned different File ID, restarting the upload 
2021-04-11 21:07:14.6612|INFO|Service returned empty upload ID, restarting the upload 
2021-04-11 21:07:14.6612|INFO|Initializing upload with Panopto complete 
2021-04-11 21:07:14.6612|INFO|Upload file using chunk protocol 
2021-04-11 21:07:14.6612|INFO|Start initializing upload with content store 
2021-04-11 21:07:14.8352|INFO|Initializing upload with content store complete 
2021-04-11 21:07:14.8352|INFO|Reconcile chunks with file on disk 
2021-04-11 21:07:14.8352|INFO|Waiting for 70 seconds to process new chunks 
2021-04-11 21:08:24.8400|INFO|Reconcile chunks with file on disk 
2021-04-11 21:08:24.8400|INFO|Waiting for 70 seconds to process new chunks 
2021-04-11 21:09:34.8473|INFO|Reconcile chunks with file on disk 
2021-04-11 21:09:34.8473|INFO|Processing chunks needing meta data: 2 
2021-04-11 21:09:34.8693|INFO|Start requesting upload metadata from Panopto for chunks: 2 
2021-04-11 21:09:35.2586|INFO|Complete requesting upload metadata from Panopto for chunks: 2 
2021-04-11 21:09:35.2656|INFO|Start uploading chunks 2 
2021-04-11 21:09:35.2796|INFO|Start uploading chunk: 2 
2021-04-11 21:09:39.1427|INFO|Uploading chunk complete for index: 2 
2021-04-11 21:09:39.1427|INFO|Start serializing upload state to disk 
2021-04-11 21:09:39.2036|INFO|Serializing upload state to disk complete 
2021-04-11 21:09:39.2036|INFO|Uploading chunks 2 complete 
2021-04-11 21:09:39.2036|INFO|Waiting for 70 seconds to process new chunks 
2021-04-11 21:10:49.2134|INFO|Reconcile chunks with file on disk 
2021-04-11 21:10:49.2134|INFO|Waiting for 70 seconds to process new chunks 
2021-04-11 21:11:59.2141|INFO|Reconcile chunks with file on disk 
2021-04-11 21:11:59.2141|INFO|Processing chunks needing meta data: 3 
2021-04-11 21:11:59.2141|INFO|Start requesting upload metadata from Panopto for chunks: 3 
2021-04-11 21:11:59.4311|INFO|Complete requesting upload metadata from Panopto for chunks: 3 
2021-04-11 21:11:59.4311|INFO|Start uploading chunks 3 
2021-04-11 21:11:59.4311|INFO|Start uploading chunk: 3 
2021-04-11 21:12:03.2035|INFO|Uploading chunk complete for index: 3 
2021-04-11 21:12:03.2134|INFO|Start serializing upload state to disk 
2021-04-11 21:12:03.2394|INFO|Serializing upload state to disk complete 
2021-04-11 21:12:03.2394|INFO|Uploading chunks 3 complete 
2021-04-11 21:12:03.2394|INFO|Waiting for 70 seconds to process new chunks 
2021-04-11 21:13:13.2513|INFO|Reconcile chunks with file on disk 
2021-04-11 21:13:13.2513|INFO|Processing chunks needing meta data: 4 
2021-04-11 21:13:13.2513|INFO|Start requesting upload metadata from Panopto for chunks: 4 
2021-04-11 21:13:13.6080|INFO|Complete requesting upload metadata from Panopto for chunks: 4 
2021-04-11 21:13:13.6080|INFO|Start uploading chunks 4 
2021-04-11 21:13:13.6080|INFO|Start uploading chunk: 4 
2021-04-11 21:13:17.2981|INFO|Uploading chunk complete for index: 4 
2021-04-11 21:13:17.2981|INFO|Start serializing upload state to disk 
2021-04-11 21:13:17.3206|INFO|Serializing upload state to disk complete 
2021-04-11 21:13:17.3206|INFO|Uploading chunks 4 complete 
2021-04-11 21:13:17.3206|INFO|Waiting for 70 seconds to process new chunks 
2021-04-11 21:13:21.3259|INFO|Reconcile chunks with file on disk 
2021-04-11 21:13:21.3259|WARN|Upload worker terminating due to cancellation 
2021-04-11 21:13:21.3259|WARN|Worker completed with exception System.Threading.Tasks.TaskCanceledException: A task was canceled.
   at System.Runtime.CompilerServices.TaskAwaiter.ThrowForNonSuccess(Task task)
   at System.Runtime.CompilerServices.TaskAwaiter.HandleNonSuccessAndDebuggerNotification(Task task)
   at Panopto.Recorder.Upload.PanoptoFileUploader.<StopUpload>d__11.MoveNext()
2021-04-11 21:13:21.3259|INFO|Upload stopped 
2021-04-11 21:13:21.3259|INFO|Upload worker terminated 
2021-04-11 21:13:21.3259|INFO|Upload worker cleanup complete 
2021-04-11 21:13:21.3416|INFO|Upload starting 
2021-04-11 21:13:21.3416|INFO|Start loading file state from disk 
2021-04-11 21:13:21.4771|INFO|Loading file state from disk complete 
2021-04-11 21:13:21.4771|INFO|Start initializing upload with Panopto 
2021-04-11 21:13:21.7736|INFO|Initializing upload with Panopto complete 
2021-04-11 21:13:21.7736|INFO|Upload file using chunk protocol 
2021-04-11 21:13:21.7736|INFO|Reconcile chunks with file on disk 
2021-04-11 21:13:21.7736|INFO|Processing chunks needing meta data: 1, 5 
2021-04-11 21:13:21.7736|INFO|Start requesting upload metadata from Panopto for chunks: 1, 5 
2021-04-11 21:13:21.9387|INFO|Complete requesting upload metadata from Panopto for chunks: 1, 5 
2021-04-11 21:13:21.9387|INFO|Start uploading chunks 1, 5 
2021-04-11 21:13:21.9387|INFO|Start uploading chunk: 1 
2021-04-11 21:13:21.9387|INFO|Start uploading chunk: 5 
2021-04-11 21:13:30.4018|INFO|Uploading chunk complete for index: 5 
2021-04-11 21:13:30.4018|INFO|Start serializing upload state to disk 
2021-04-11 21:13:30.4018|INFO|Serializing upload state to disk complete 
2021-04-11 21:13:34.8743|INFO|Uploading chunk complete for index: 1 
2021-04-11 21:13:34.8743|INFO|Start serializing upload state to disk 
2021-04-11 21:13:34.8904|INFO|Serializing upload state to disk complete 
2021-04-11 21:13:34.8904|INFO|Uploading chunks 1, 5 complete 
2021-04-11 21:13:34.8904|INFO|Upload modified chunk for progressive uploads 
2021-04-11 21:13:34.8904|INFO|Reconcile chunks with file on disk 
2021-04-11 21:13:34.9064|INFO|Start finalizing upload with content store 
2021-04-11 21:13:35.1936|INFO|Finalizing upload with content store complete 
2021-04-11 21:13:35.1936|INFO|Start serializing upload state to disk 
2021-04-11 21:13:35.2096|INFO|Serializing upload state to disk complete 
2021-04-11 21:13:35.2096|INFO|Start finalizing upload with Panopto 
2021-04-11 21:13:35.3470|INFO|Finalizing upload with Panopto complete 
2021-04-11 21:13:35.3470|INFO|Start serializing upload state to disk 
2021-04-11 21:13:35.3783|INFO|Serializing upload state to disk complete 
2021-04-11 21:13:35.3783|INFO|Upload complete 
2021-04-11 21:13:35.3783|INFO|Upload worker terminated 
2021-04-11 21:13:35.3783|INFO|Upload worker cleanup complete 
2021-04-11 21:13:36.2340|INFO|Upload state removed from disk 
